ERROR:root:Error with http://www.ironman.com/triathlon/coverage/past.aspx#axzz4J3QWfTDf. 
Traceback (most recent call last):
  File "IronmanComScraper.py", line 242, in getResultsPages
    soup = getsoup(homepage_url)
  File "IronmanComScraper.py", line 21, in getsoup
    html =  ResultsCache().getHTML(url)
  File "/Users/hom/Workspace/TriathlonResults/IronmanResults/races/ResultsCache.py", line 24, in getHTML
    if(results.count() == 1):
  File "/usr/local/lib/python3.6/site-packages/pymongo/cursor.py", line 727, in count
    return self.__collection._count(cmd, self.__collation)
  File "/usr/local/lib/python3.6/site-packages/pymongo/collection.py", line 1344, in _count
    with self._socket_for_reads() as (sock_info, slave_ok):
  File "/usr/local/Cellar/python3/3.6.2/Frameworks/Python.framework/Versions/3.6/lib/python3.6/contextlib.py", line 81, in __enter__
    return next(self.gen)
  File "/usr/local/lib/python3.6/site-packages/pymongo/mongo_client.py", line 904, in _socket_for_reads
    with self._get_socket(read_preference) as sock_info:
  File "/usr/local/Cellar/python3/3.6.2/Frameworks/Python.framework/Versions/3.6/lib/python3.6/contextlib.py", line 81, in __enter__
    return next(self.gen)
  File "/usr/local/lib/python3.6/site-packages/pymongo/mongo_client.py", line 868, in _get_socket
    server = self._get_topology().select_server(selector)
  File "/usr/local/lib/python3.6/site-packages/pymongo/topology.py", line 214, in select_server
    address))
  File "/usr/local/lib/python3.6/site-packages/pymongo/topology.py", line 189, in select_servers
    self._error_message(selector))
pymongo.errors.ServerSelectionTimeoutError: localhost:27017: [Errno 61] Connection refused
ERROR:root:Error with http://www.ironman.com/triathlon/coverage/past.aspx#axzz4J3QWfTDf. 
Traceback (most recent call last):
  File "IronmanComScraper.py", line 242, in getResultsPages
    soup = getsoup(homepage_url)
  File "IronmanComScraper.py", line 27, in getsoup
    soup = BeautifulSoup(html, "lxml") # a list to hold our urls
  File "/usr/local/lib/python3.6/site-packages/bs4/__init__.py", line 165, in __init__
    % ",".join(features))
bs4.FeatureNotFound: Couldn't find a tree builder with the features you requested: lxml. Do you need to install a parser library?
